


materialPath: C:\Program Files (x86)\Steam\steamapps\common\Source SDK Base 2013 Multiplayer\hl2\materials
Loading C:\Program Files (x86)\Steam\steamcmd\steamapps\common\GarrysModDS\garrysmod\addons\gm_start_map_forward\maps\gm_start_map_forward.vmf
Map revision 1
KeyValues Error: RecursiveLoadFromBuffer:  got } in key in file c:\program files (x86)\steam\steamapps\common\source sdk base 2013 multiplayer\hl2\gameinfo.txt
GameInfo, FileSystem, SearchPaths, 
Could not locate 'GameData' key in c:\program files (x86)\steam\steamapps\common\source sdk base 2013 multiplayer\hl2\gameinfo.txt
fixing up env_cubemap materials on brush sides...
0...1...2...3...4...5...6...7...8...9...10**** leaked ****
--- MAP LEAKED ---



16 threads
reading c:\program files (x86)\steam\steamcmd\steamapps\common\garrysmodds\garrysmod\addons\gm_start_map_forward\maps\gm_start_map_forward.bsp
Error opening c:\program files (x86)\steam\steamcmd\steamapps\common\garrysmodds\garrysmod\addons\gm_start_map_forward\maps\gm_start_map_forward.bsp


materialPath: C:\Program Files (x86)\Steam\steamapps\common\Source SDK Base 2013 Multiplayer\hl2\materials
Loading C:\Program Files (x86)\Steam\steamcmd\steamapps\common\GarrysModDS\garrysmod\addons\gm_start_map_forward\maps\gm_start_map_forward.vmf
Map revision 1
KeyValues Error: RecursiveLoadFromBuffer:  got } in key in file c:\program files (x86)\steam\steamapps\common\source sdk base 2013 multiplayer\hl2\gameinfo.txt
GameInfo, FileSystem, SearchPaths, 
Could not locate 'GameData' key in c:\program files (x86)\steam\steamapps\common\source sdk base 2013 multiplayer\hl2\gameinfo.txt
fixing up env_cubemap materials on brush sides...
0...1...2...3...4...5...6...7...8...9...10**** leaked ****
--- MAP LEAKED ---



16 threads
reading c:\program files (x86)\steam\steamcmd\steamapps\common\garrysmodds\garrysmod\addons\gm_start_map_forward\maps\gm_start_map_forward.bsp
Error opening c:\program files (x86)\steam\steamcmd\steamapps\common\garrysmodds\garrysmod\addons\gm_start_map_forward\maps\gm_start_map_forward.bsp


materialPath: C:\Program Files (x86)\Steam\steamapps\common\Source SDK Base 2013 Multiplayer\hl2\materials
Loading C:\Program Files (x86)\Steam\steamcmd\steamapps\common\GarrysModDS\garrysmod\addons\gm_start_map_forward\maps\gm_start_map_forward.vmf
Map revision 2
KeyValues Error: RecursiveLoadFromBuffer:  got } in key in file c:\program files (x86)\steam\steamapps\common\source sdk base 2013 multiplayer\hl2\gameinfo.txt
GameInfo, FileSystem, SearchPaths, 
Could not locate 'GameData' key in c:\program files (x86)\steam\steamapps\common\source sdk base 2013 multiplayer\hl2\gameinfo.txt
fixing up env_cubemap materials on brush sides...
0...1...2...3...4...5...6...7...8...9...10**** leaked ****
--- MAP LEAKED ---



16 threads
reading c:\program files (x86)\steam\steamcmd\steamapps\common\garrysmodds\garrysmod\addons\gm_start_map_forward\maps\gm_start_map_forward.bsp
Error opening c:\program files (x86)\steam\steamcmd\steamapps\common\garrysmodds\garrysmod\addons\gm_start_map_forward\maps\gm_start_map_forward.bsp


materialPath: C:\Program Files (x86)\Steam\steamapps\common\Source SDK Base 2013 Multiplayer\hl2\materials
Loading C:\Program Files (x86)\Steam\steamcmd\steamapps\common\GarrysModDS\garrysmod\addons\gm_start_map_forward\maps\gm_start_map_forward.vmf
Map revision 2
KeyValues Error: RecursiveLoadFromBuffer:  got } in key in file c:\program files (x86)\steam\steamapps\common\source sdk base 2013 multiplayer\hl2\gameinfo.txt
GameInfo, FileSystem, SearchPaths, 
Could not locate 'GameData' key in c:\program files (x86)\steam\steamapps\common\source sdk base 2013 multiplayer\hl2\gameinfo.txt
fixing up env_cubemap materials on brush sides...
0...1...2...3...4...5...6...7...8...9...10**** leaked ****
--- MAP LEAKED ---



16 threads
reading c:\program files (x86)\steam\steamcmd\steamapps\common\garrysmodds\garrysmod\addons\gm_start_map_forward\maps\gm_start_map_forward.bsp
Error opening c:\program files (x86)\steam\steamcmd\steamapps\common\garrysmodds\garrysmod\addons\gm_start_map_forward\maps\gm_start_map_forward.bsp


materialPath: C:\Program Files (x86)\Steam\steamapps\common\Source SDK Base 2013 Multiplayer\hl2\materials
Loading C:\Program Files (x86)\Steam\steamcmd\steamapps\common\GarrysModDS\garrysmod\addons\gm_start_map_forward\maps\gm_start_map_forward.vmf
Map revision 2
KeyValues Error: RecursiveLoadFromBuffer:  got } in key in file c:\program files (x86)\steam\steamapps\common\source sdk base 2013 multiplayer\hl2\gameinfo.txt
GameInfo, FileSystem, SearchPaths, 
Could not locate 'GameData' key in c:\program files (x86)\steam\steamapps\common\source sdk base 2013 multiplayer\hl2\gameinfo.txt
fixing up env_cubemap materials on brush sides...
0...1...2...3...4...5...6...7...8...9...10**** leaked ****
--- MAP LEAKED ---



16 threads
reading c:\program files (x86)\steam\steamcmd\steamapps\common\garrysmodds\garrysmod\addons\gm_start_map_forward\maps\gm_start_map_forward.bsp
Error opening c:\program files (x86)\steam\steamcmd\steamapps\common\garrysmodds\garrysmod\addons\gm_start_map_forward\maps\gm_start_map_forward.bsp


materialPath: C:\Program Files (x86)\Steam\steamapps\common\Source SDK Base 2013 Multiplayer\hl2\materials
Loading C:\Program Files (x86)\Steam\steamcmd\steamapps\common\GarrysModDS\garrysmod\addons\gm_start_map_forward\maps\gm_start_map_forward.vmf
Map revision 3
KeyValues Error: RecursiveLoadFromBuffer:  got } in key in file c:\program files (x86)\steam\steamapps\common\source sdk base 2013 multiplayer\hl2\gameinfo.txt
GameInfo, FileSystem, SearchPaths, 
Could not locate 'GameData' key in c:\program files (x86)\steam\steamapps\common\source sdk base 2013 multiplayer\hl2\gameinfo.txt
fixing up env_cubemap materials on brush sides...
0...1...2...3...4...5...6...7...8...9...100...1...2...3...4...5...6...7...8...9...10Processing areas...done (0)
Building Faces...done (0)
FixTjuncs...
PruneNodes...
WriteBSP...
done (0)
writing C:\Program Files (x86)\Steam\steamcmd\steamapps\common\GarrysModDS\garrysmod\addons\gm_start_map_forward\maps\gm_start_map_forward.prt...Building visibility clusters...
done (0)
Finding displacement neighbors...
Finding lightmap sample positions...
Displacement Alpha : 0...1...2...3...4...5...6...7...8...9...10
Building Physics collision data...
done (0) (2218 bytes)
Placing detail props : 0...1...2...3...4...5...6...7...8...9...10
Compacting texture/material tables...
Reduced 6 texinfos to 4
Reduced 2 texdatas to 2 (51 bytes to 51)
Writing C:\Program Files (x86)\Steam\steamcmd\steamapps\common\GarrysModDS\garrysmod\addons\gm_start_map_forward\maps\gm_start_map_forward.bsp
MSG_FILEWRITE - Filesystem was asked to write to 'C:\Program Files (x86)\Steam\steamcmd\steamapps\common\GarrysModDS\garrysmod\addons\gm_start_map_forward\maps\gm_start_map_forward.bsp', but we don't own that location. Allowing.
Wrote ZIP buffer, estimated size 87004, actual size 86790
0 seconds elapsed



16 threads
reading c:\program files (x86)\steam\steamcmd\steamapps\common\garrysmodds\garrysmod\addons\gm_start_map_forward\maps\gm_start_map_forward.bsp
reading c:\program files (x86)\steam\steamcmd\steamapps\common\garrysmodds\garrysmod\addons\gm_start_map_forward\maps\gm_start_map_forward.prt
   4 portalclusters
   4 numportals
0...1...2...3...4...5...6...7...8...9...10Optimized: 0 visible clusters (0.00%)
Total clusters visible: 16
Average clusters visible: 4
Building PAS...
Average clusters audible: 4
visdatasize:44  compressed from 64
writing c:\program files (x86)\steam\steamcmd\steamapps\common\garrysmodds\garrysmod\addons\gm_start_map_forward\maps\gm_start_map_forward.bsp
MSG_FILEWRITE - Filesystem was asked to write to 'c:\program files (x86)\steam\steamcmd\steamapps\common\garrysmodds\garrysmod\addons\gm_start_map_forward\maps\gm_start_map_forward.bsp', but we don't own that location. Allowing.
0 seconds elapsed



Could not find lights.rad in lights.rad.
Trying VRAD BIN directory instead...
Warning: Couldn't open texlight file C:\Program Files (x86)\Steam\steamapps\common\Source SDK Base 2013 Multiplayer\bin\lights.rad.
Loading c:\program files (x86)\steam\steamcmd\steamapps\common\garrysmodds\garrysmod\addons\gm_start_map_forward\maps\gm_start_map_forward.bsp
16 faces
682 square feet [98304.00 square inches]
0 Displacements
0 Square Feet [0.00 Square Inches]
16 patches before subdivision
16 patches after subdivision
0 direct lights
0...1...2...3...4...5...6...7...8...9...100...1...2...3...4...5...6...7...8...9...10transfers 208, max 14
transfer lists:   0.0 megs
0...1...2...3...4...5...6...7...8...9...10	Bounce #1 added RGB(0, 0, 0)
Build Patch/Sample Hash Table(s).....Done<0.0000 sec>
0...1...2...3...4...5...6...7...8...9...10FinalLightFace Done
0 of 0 (0% of) surface lights went in leaf ambient cubes.
0...1...2...3...4...5...6...7...8...9...10Writing leaf ambient...done
Ready to Finish

Object names       Objects/Maxobjs  Memory / Maxmem  Fullness 
------------       ---------------  ---------------  -------- 
models                   1/4096           48/196608   ( 0.0%) 
brushes                  6/32768          72/393216   ( 0.0%) 
brushsides              44/327680        352/2621440  ( 0.0%) 
planes                  44/65536         880/1310720  ( 0.1%) 
vertexes                27/65536         324/786432   ( 0.0%) 
nodes                   27/65536         864/2097152  ( 0.0%) 
texinfos                 4/12288         288/884736   ( 0.0%) 
texdata                  2/2048           64/65536    ( 0.1%) 
dispinfos                0/0               0/0        ( 0.0%) 
disp_verts               0/0               0/0        ( 0.0%) 
disp_tris                0/0               0/0        ( 0.0%) 
disp_lmsamples           0/0               0/0        ( 0.0%) 
faces                   16/65536         896/3670016  ( 0.0%) 
hdr faces               16/65536         896/3670016  ( 0.0%) 
origfaces                6/65536         336/3670016  ( 0.0%) 
leaves                  29/65536         928/2097152  ( 0.0%) 
leaffaces               16/65536          32/131072   ( 0.0%) 
leafbrushes             20/65536          40/131072   ( 0.0%) 
areas                    2/1024           16/8192     ( 0.2%) 
surfedges               88/512000        352/2048000  ( 0.0%) 
edges                   53/256000        212/1024000  ( 0.0%) 
LDR worldlights          0/16384           0/1441792  ( 0.0%) 
HDR worldlights          0/16384           0/1441792  ( 0.0%) 
leafwaterdata            0/32768           0/393216   ( 0.0%) 
waterstrips              0/131072          0/1310720  ( 0.0%) 
waterverts               0/131072          0/1572864  ( 0.0%) 
waterindices             0/131072          0/262144   ( 0.0%) 
cubemapsamples           0/1024            0/16384    ( 0.0%) 
overlays                 0/1024            0/360448   ( 0.0%) 
LDR lightdata         [variable]           0/0        ( 0.0%) 
HDR lightdata         [variable]        2304/0        ( 0.0%) 
visdata               [variable]          44/16777216 ( 0.0%) 
entdata               [variable]         420/393216   ( 0.1%) 
LDR ambient table       29/65536         116/262144   ( 0.0%) 
HDR ambient table       29/65536         116/262144   ( 0.0%) 
LDR leaf ambient        29/65536         812/1835008  ( 0.0%) 
HDR leaf ambient         4/65536         112/1835008  ( 0.0%) 
occluders                0/0               0/0        ( 0.0%) 
occluder polygons        0/0               0/0        ( 0.0%) 
occluder vert ind        0/0               0/0        ( 0.0%) 
detail props          [variable]           1/12       ( 8.3%) 
static props          [variable]           1/12       ( 8.3%) 
pakfile               [variable]       86790/0        ( 0.0%) 
physics               [variable]        2218/4194304  ( 0.1%) 
physics terrain       [variable]           2/1048576  ( 0.0%) 

Level flags = 2

Total triangle count: 32
Writing c:\program files (x86)\steam\steamcmd\steamapps\common\garrysmodds\garrysmod\addons\gm_start_map_forward\maps\gm_start_map_forward.bsp
0 seconds elapsed



materialPath: C:\Program Files (x86)\Steam\steamapps\common\Source SDK Base 2013 Multiplayer\hl2\materials
Loading C:\Program Files (x86)\Steam\steamcmd\steamapps\common\GarrysModDS\garrysmod\addons\gm_start_map_forward\maps\gm_start_map_forward.vmf
Map revision 4
KeyValues Error: RecursiveLoadFromBuffer:  got } in key in file c:\program files (x86)\steam\steamapps\common\source sdk base 2013 multiplayer\hl2\gameinfo.txt
GameInfo, FileSystem, SearchPaths, 
Could not locate 'GameData' key in c:\program files (x86)\steam\steamapps\common\source sdk base 2013 multiplayer\hl2\gameinfo.txt
fixing up env_cubemap materials on brush sides...
0...1...2...3...4...5...6...7...8...9...100...1...2...3...4...5...6...7...8...9...10Processing areas...done (0)
Building Faces...done (0)
FixTjuncs...
PruneNodes...
WriteBSP...
done (0)
writing C:\Program Files (x86)\Steam\steamcmd\steamapps\common\GarrysModDS\garrysmod\addons\gm_start_map_forward\maps\gm_start_map_forward.prt...Building visibility clusters...
done (0)
Finding displacement neighbors...
Finding lightmap sample positions...
Displacement Alpha : 0...1...2...3...4...5...6...7...8...9...10
Building Physics collision data...
done (0) (2218 bytes)
Placing detail props : 0...1...2...3...4...5...6...7...8...9...10
Compacting texture/material tables...
Reduced 6 texinfos to 4
Reduced 2 texdatas to 2 (51 bytes to 51)
Writing C:\Program Files (x86)\Steam\steamcmd\steamapps\common\GarrysModDS\garrysmod\addons\gm_start_map_forward\maps\gm_start_map_forward.bsp
MSG_FILEWRITE - Filesystem was asked to write to 'C:\Program Files (x86)\Steam\steamcmd\steamapps\common\GarrysModDS\garrysmod\addons\gm_start_map_forward\maps\gm_start_map_forward.bsp', but we don't own that location. Allowing.
Wrote ZIP buffer, estimated size 87004, actual size 86790
0 seconds elapsed



16 threads
reading c:\program files (x86)\steam\steamcmd\steamapps\common\garrysmodds\garrysmod\addons\gm_start_map_forward\maps\gm_start_map_forward.bsp
reading c:\program files (x86)\steam\steamcmd\steamapps\common\garrysmodds\garrysmod\addons\gm_start_map_forward\maps\gm_start_map_forward.prt
   4 portalclusters
   4 numportals
0...1...2...3...4...5...6...7...8...9...10Optimized: 0 visible clusters (0.00%)
Total clusters visible: 16
Average clusters visible: 4
Building PAS...
Average clusters audible: 4
visdatasize:44  compressed from 64
writing c:\program files (x86)\steam\steamcmd\steamapps\common\garrysmodds\garrysmod\addons\gm_start_map_forward\maps\gm_start_map_forward.bsp
MSG_FILEWRITE - Filesystem was asked to write to 'c:\program files (x86)\steam\steamcmd\steamapps\common\garrysmodds\garrysmod\addons\gm_start_map_forward\maps\gm_start_map_forward.bsp', but we don't own that location. Allowing.
0 seconds elapsed



Could not find lights.rad in lights.rad.
Trying VRAD BIN directory instead...
Warning: Couldn't open texlight file C:\Program Files (x86)\Steam\steamapps\common\Source SDK Base 2013 Multiplayer\bin\lights.rad.
Loading c:\program files (x86)\steam\steamcmd\steamapps\common\garrysmodds\garrysmod\addons\gm_start_map_forward\maps\gm_start_map_forward.bsp
16 faces
682 square feet [98304.00 square inches]
0 Displacements
0 Square Feet [0.00 Square Inches]
16 patches before subdivision
16 patches after subdivision
0 direct lights
0...1...2...3...4...5...6...7...8...9...100...1...2...3...4...5...6...7...8...9...10transfers 208, max 14
transfer lists:   0.0 megs
0...1...2...3...4...5...6...7...8...9...10	Bounce #1 added RGB(0, 0, 0)
Build Patch/Sample Hash Table(s).....Done<0.0000 sec>
0...1...2...3...4...5...6...7...8...9...10FinalLightFace Done
0 of 0 (0% of) surface lights went in leaf ambient cubes.
0...1...2...3...4...5...6...7...8...9...10Writing leaf ambient...done
Ready to Finish

Object names       Objects/Maxobjs  Memory / Maxmem  Fullness 
------------       ---------------  ---------------  -------- 
models                   1/4096           48/196608   ( 0.0%) 
brushes                  6/32768          72/393216   ( 0.0%) 
brushsides              44/327680        352/2621440  ( 0.0%) 
planes                  44/65536         880/1310720  ( 0.1%) 
vertexes                27/65536         324/786432   ( 0.0%) 
nodes                   27/65536         864/2097152  ( 0.0%) 
texinfos                 4/12288         288/884736   ( 0.0%) 
texdata                  2/2048           64/65536    ( 0.1%) 
dispinfos                0/0               0/0        ( 0.0%) 
disp_verts               0/0               0/0        ( 0.0%) 
disp_tris                0/0               0/0        ( 0.0%) 
disp_lmsamples           0/0               0/0        ( 0.0%) 
faces                   16/65536         896/3670016  ( 0.0%) 
hdr faces               16/65536         896/3670016  ( 0.0%) 
origfaces                6/65536         336/3670016  ( 0.0%) 
leaves                  29/65536         928/2097152  ( 0.0%) 
leaffaces               16/65536          32/131072   ( 0.0%) 
leafbrushes             20/65536          40/131072   ( 0.0%) 
areas                    2/1024           16/8192     ( 0.2%) 
surfedges               88/512000        352/2048000  ( 0.0%) 
edges                   53/256000        212/1024000  ( 0.0%) 
LDR worldlights          0/16384           0/1441792  ( 0.0%) 
HDR worldlights          0/16384           0/1441792  ( 0.0%) 
leafwaterdata            0/32768           0/393216   ( 0.0%) 
waterstrips              0/131072          0/1310720  ( 0.0%) 
waterverts               0/131072          0/1572864  ( 0.0%) 
waterindices             0/131072          0/262144   ( 0.0%) 
cubemapsamples           0/1024            0/16384    ( 0.0%) 
overlays                 0/1024            0/360448   ( 0.0%) 
LDR lightdata         [variable]           0/0        ( 0.0%) 
HDR lightdata         [variable]        2304/0        ( 0.0%) 
visdata               [variable]          44/16777216 ( 0.0%) 
entdata               [variable]         420/393216   ( 0.1%) 
LDR ambient table       29/65536         116/262144   ( 0.0%) 
HDR ambient table       29/65536         116/262144   ( 0.0%) 
LDR leaf ambient        29/65536         812/1835008  ( 0.0%) 
HDR leaf ambient         4/65536         112/1835008  ( 0.0%) 
occluders                0/0               0/0        ( 0.0%) 
occluder polygons        0/0               0/0        ( 0.0%) 
occluder vert ind        0/0               0/0        ( 0.0%) 
detail props          [variable]           1/12       ( 8.3%) 
static props          [variable]           1/12       ( 8.3%) 
pakfile               [variable]       86790/0        ( 0.0%) 
physics               [variable]        2218/4194304  ( 0.1%) 
physics terrain       [variable]           2/1048576  ( 0.0%) 

Level flags = 2

Total triangle count: 32
Writing c:\program files (x86)\steam\steamcmd\steamapps\common\garrysmodds\garrysmod\addons\gm_start_map_forward\maps\gm_start_map_forward.bsp
0 seconds elapsed



materialPath: C:\Program Files (x86)\Steam\steamapps\common\Source SDK Base 2013 Multiplayer\hl2\materials
Loading C:\Program Files (x86)\Steam\steamcmd\steamapps\common\GarrysModDS\garrysmod\addons\gm_start_map_forward\maps\gm_start_map_forward.vmf
Map revision 5
KeyValues Error: RecursiveLoadFromBuffer:  got } in key in file c:\program files (x86)\steam\steamapps\common\source sdk base 2013 multiplayer\hl2\gameinfo.txt
GameInfo, FileSystem, SearchPaths, 
Could not locate 'GameData' key in c:\program files (x86)\steam\steamapps\common\source sdk base 2013 multiplayer\hl2\gameinfo.txt
fixing up env_cubemap materials on brush sides...
0...1...2...3...4...5...6...7...8...9...100...1...2...3...4...5...6...7...8...9...10Processing areas...done (0)
Building Faces...done (0)
FixTjuncs...
PruneNodes...
WriteBSP...
done (0)
writing C:\Program Files (x86)\Steam\steamcmd\steamapps\common\GarrysModDS\garrysmod\addons\gm_start_map_forward\maps\gm_start_map_forward.prt...Building visibility clusters...
done (0)
Finding displacement neighbors...
Finding lightmap sample positions...
Displacement Alpha : 0...1...2...3...4...5...6...7...8...9...10
Building Physics collision data...
done (0) (2218 bytes)
Placing detail props : 0...1...2...3...4...5...6...7...8...9...10
Compacting texture/material tables...
Reduced 6 texinfos to 4
Reduced 2 texdatas to 2 (51 bytes to 51)
Writing C:\Program Files (x86)\Steam\steamcmd\steamapps\common\GarrysModDS\garrysmod\addons\gm_start_map_forward\maps\gm_start_map_forward.bsp
MSG_FILEWRITE - Filesystem was asked to write to 'C:\Program Files (x86)\Steam\steamcmd\steamapps\common\GarrysModDS\garrysmod\addons\gm_start_map_forward\maps\gm_start_map_forward.bsp', but we don't own that location. Allowing.
Wrote ZIP buffer, estimated size 87004, actual size 86790
0 seconds elapsed



16 threads
reading c:\program files (x86)\steam\steamcmd\steamapps\common\garrysmodds\garrysmod\addons\gm_start_map_forward\maps\gm_start_map_forward.bsp
reading c:\program files (x86)\steam\steamcmd\steamapps\common\garrysmodds\garrysmod\addons\gm_start_map_forward\maps\gm_start_map_forward.prt
   4 portalclusters
   4 numportals
0...1...2...3...4...5...6...7...8...9...100...1...2...3...4...5...6...7...8...9...10Optimized: 0 visible clusters (0.00%)
Total clusters visible: 16
Average clusters visible: 4
Building PAS...
Average clusters audible: 4
visdatasize:44  compressed from 64
writing c:\program files (x86)\steam\steamcmd\steamapps\common\garrysmodds\garrysmod\addons\gm_start_map_forward\maps\gm_start_map_forward.bsp
MSG_FILEWRITE - Filesystem was asked to write to 'c:\program files (x86)\steam\steamcmd\steamapps\common\garrysmodds\garrysmod\addons\gm_start_map_forward\maps\gm_start_map_forward.bsp', but we don't own that location. Allowing.
0 seconds elapsed



Could not find lights.rad in lights.rad.
Trying VRAD BIN directory instead...
Warning: Couldn't open texlight file C:\Program Files (x86)\Steam\steamapps\common\Source SDK Base 2013 Multiplayer\bin\lights.rad.
Loading c:\program files (x86)\steam\steamcmd\steamapps\common\garrysmodds\garrysmod\addons\gm_start_map_forward\maps\gm_start_map_forward.bsp
16 faces
682 square feet [98304.00 square inches]
0 Displacements
0 Square Feet [0.00 Square Inches]
16 patches before subdivision
176 patches after subdivision
0 direct lights
0...1...2...3...4...5...6...7...8...9...100...1...2...3...4...5...6...7...8...9...10transfers 7680, max 80
transfer lists:   0.1 megs
0...1...2...3...4...5...6...7...8...9...10	Bounce #1 added RGB(0, 0, 0)
Build Patch/Sample Hash Table(s).....Done<0.0000 sec>
0...1...2...3...4...5...6...7...8...9...10FinalLightFace Done
0 of 0 (0% of) surface lights went in leaf ambient cubes.
0...1...2...3...4...5...6...7...8...9...10Writing leaf ambient...done
Ready to Finish

Object names       Objects/Maxobjs  Memory / Maxmem  Fullness 
------------       ---------------  ---------------  -------- 
models                   1/4096           48/196608   ( 0.0%) 
brushes                  6/32768          72/393216   ( 0.0%) 
brushsides              44/327680        352/2621440  ( 0.0%) 
planes                  44/65536         880/1310720  ( 0.1%) 
vertexes                27/65536         324/786432   ( 0.0%) 
nodes                   27/65536         864/2097152  ( 0.0%) 
texinfos                 4/12288         288/884736   ( 0.0%) 
texdata                  2/2048           64/65536    ( 0.1%) 
dispinfos                0/0               0/0        ( 0.0%) 
disp_verts               0/0               0/0        ( 0.0%) 
disp_tris                0/0               0/0        ( 0.0%) 
disp_lmsamples           0/0               0/0        ( 0.0%) 
faces                   16/65536         896/3670016  ( 0.0%) 
hdr faces               16/65536         896/3670016  ( 0.0%) 
origfaces                6/65536         336/3670016  ( 0.0%) 
leaves                  29/65536         928/2097152  ( 0.0%) 
leaffaces               16/65536          32/131072   ( 0.0%) 
leafbrushes             20/65536          40/131072   ( 0.0%) 
areas                    2/1024           16/8192     ( 0.2%) 
surfedges               88/512000        352/2048000  ( 0.0%) 
edges                   53/256000        212/1024000  ( 0.0%) 
LDR worldlights          0/16384           0/1441792  ( 0.0%) 
HDR worldlights          0/16384           0/1441792  ( 0.0%) 
leafwaterdata            0/32768           0/393216   ( 0.0%) 
waterstrips              0/131072          0/1310720  ( 0.0%) 
waterverts               0/131072          0/1572864  ( 0.0%) 
waterindices             0/131072          0/262144   ( 0.0%) 
cubemapsamples           0/1024            0/16384    ( 0.0%) 
overlays                 0/1024            0/360448   ( 0.0%) 
LDR lightdata         [variable]           0/0        ( 0.0%) 
HDR lightdata         [variable]        2304/0        ( 0.0%) 
visdata               [variable]          44/16777216 ( 0.0%) 
entdata               [variable]         422/393216   ( 0.1%) 
LDR ambient table       29/65536         116/262144   ( 0.0%) 
HDR ambient table       29/65536         116/262144   ( 0.0%) 
LDR leaf ambient        29/65536         812/1835008  ( 0.0%) 
HDR leaf ambient         4/65536         112/1835008  ( 0.0%) 
occluders                0/0               0/0        ( 0.0%) 
occluder polygons        0/0               0/0        ( 0.0%) 
occluder vert ind        0/0               0/0        ( 0.0%) 
detail props          [variable]           1/12       ( 8.3%) 
static props          [variable]           1/12       ( 8.3%) 
pakfile               [variable]       86790/0        ( 0.0%) 
physics               [variable]        2218/4194304  ( 0.1%) 
physics terrain       [variable]           2/1048576  ( 0.0%) 

Level flags = 2

Total triangle count: 32
Writing c:\program files (x86)\steam\steamcmd\steamapps\common\garrysmodds\garrysmod\addons\gm_start_map_forward\maps\gm_start_map_forward.bsp
0 seconds elapsed



materialPath: C:\Program Files (x86)\Steam\steamapps\common\Source SDK Base 2013 Multiplayer\hl2\materials
Loading C:\Program Files (x86)\Steam\steamcmd\steamapps\common\GarrysModDS\garrysmod\addons\gm_start_map_forward\maps\gm_start_map_forward.vmf
Map revision 6
KeyValues Error: RecursiveLoadFromBuffer:  got } in key in file c:\program files (x86)\steam\steamapps\common\source sdk base 2013 multiplayer\hl2\gameinfo.txt
GameInfo, FileSystem, SearchPaths, 
Could not locate 'GameData' key in c:\program files (x86)\steam\steamapps\common\source sdk base 2013 multiplayer\hl2\gameinfo.txt
fixing up env_cubemap materials on brush sides...
0...1...2...3...4...5...6...7...8...9...100...1...2...3...4...5...6...7...8...9...10Processing areas...done (0)
Building Faces...done (0)
FixTjuncs...
PruneNodes...
WriteBSP...
done (0)
writing C:\Program Files (x86)\Steam\steamcmd\steamapps\common\GarrysModDS\garrysmod\addons\gm_start_map_forward\maps\gm_start_map_forward.prt...Building visibility clusters...
done (0)
Finding displacement neighbors...
Finding lightmap sample positions...
Displacement Alpha : 0...1...2...3...4...5...6...7...8...9...10
Building Physics collision data...
done (0) (2218 bytes)
Placing detail props : 0...1...2...3...4...5...6...7...8...9...10
Compacting texture/material tables...
Reduced 6 texinfos to 4
Reduced 2 texdatas to 2 (51 bytes to 51)
Writing C:\Program Files (x86)\Steam\steamcmd\steamapps\common\GarrysModDS\garrysmod\addons\gm_start_map_forward\maps\gm_start_map_forward.bsp
MSG_FILEWRITE - Filesystem was asked to write to 'C:\Program Files (x86)\Steam\steamcmd\steamapps\common\GarrysModDS\garrysmod\addons\gm_start_map_forward\maps\gm_start_map_forward.bsp', but we don't own that location. Allowing.
Wrote ZIP buffer, estimated size 87004, actual size 86790
0 seconds elapsed



16 threads
reading c:\program files (x86)\steam\steamcmd\steamapps\common\garrysmodds\garrysmod\addons\gm_start_map_forward\maps\gm_start_map_forward.bsp
reading c:\program files (x86)\steam\steamcmd\steamapps\common\garrysmodds\garrysmod\addons\gm_start_map_forward\maps\gm_start_map_forward.prt
   4 portalclusters
   4 numportals
0...1...2...3...4...5...6...7...8...9...100...1...2...3...4...5...6...7...8...9...10Optimized: 0 visible clusters (0.00%)
Total clusters visible: 16
Average clusters visible: 4
Building PAS...
Average clusters audible: 4
visdatasize:44  compressed from 64
writing c:\program files (x86)\steam\steamcmd\steamapps\common\garrysmodds\garrysmod\addons\gm_start_map_forward\maps\gm_start_map_forward.bsp
MSG_FILEWRITE - Filesystem was asked to write to 'c:\program files (x86)\steam\steamcmd\steamapps\common\garrysmodds\garrysmod\addons\gm_start_map_forward\maps\gm_start_map_forward.bsp', but we don't own that location. Allowing.
0 seconds elapsed



Could not find lights.rad in lights.rad.
Trying VRAD BIN directory instead...
Warning: Couldn't open texlight file C:\Program Files (x86)\Steam\steamapps\common\Source SDK Base 2013 Multiplayer\bin\lights.rad.
Loading c:\program files (x86)\steam\steamcmd\steamapps\common\garrysmodds\garrysmod\addons\gm_start_map_forward\maps\gm_start_map_forward.bsp
16 faces
682 square feet [98304.00 square inches]
0 Displacements
0 Square Feet [0.00 Square Inches]
16 patches before subdivision
176 patches after subdivision
0 direct lights
0...1...2...3...4...5...6...7...8...9...100...1...2...3...4...5...6...7...8...9...10transfers 7680, max 80
transfer lists:   0.1 megs
0...1...2...3...4...5...6...7...8...9...10	Bounce #1 added RGB(0, 0, 0)
Build Patch/Sample Hash Table(s).....Done<0.0000 sec>
0...1...2...3...4...5...6...7...8...9...10FinalLightFace Done
0 of 0 (0% of) surface lights went in leaf ambient cubes.
0...1...2...3...4...5...6...7...8...9...10Writing leaf ambient...done
Ready to Finish

Object names       Objects/Maxobjs  Memory / Maxmem  Fullness 
------------       ---------------  ---------------  -------- 
models                   1/4096           48/196608   ( 0.0%) 
brushes                  6/32768          72/393216   ( 0.0%) 
brushsides              44/327680        352/2621440  ( 0.0%) 
planes                  44/65536         880/1310720  ( 0.1%) 
vertexes                27/65536         324/786432   ( 0.0%) 
nodes                   27/65536         864/2097152  ( 0.0%) 
texinfos                 4/12288         288/884736   ( 0.0%) 
texdata                  2/2048           64/65536    ( 0.1%) 
dispinfos                0/0               0/0        ( 0.0%) 
disp_verts               0/0               0/0        ( 0.0%) 
disp_tris                0/0               0/0        ( 0.0%) 
disp_lmsamples           0/0               0/0        ( 0.0%) 
faces                   16/65536         896/3670016  ( 0.0%) 
hdr faces               16/65536         896/3670016  ( 0.0%) 
origfaces                6/65536         336/3670016  ( 0.0%) 
leaves                  29/65536         928/2097152  ( 0.0%) 
leaffaces               16/65536          32/131072   ( 0.0%) 
leafbrushes             20/65536          40/131072   ( 0.0%) 
areas                    2/1024           16/8192     ( 0.2%) 
surfedges               88/512000        352/2048000  ( 0.0%) 
edges                   53/256000        212/1024000  ( 0.0%) 
LDR worldlights          0/16384           0/1441792  ( 0.0%) 
HDR worldlights          0/16384           0/1441792  ( 0.0%) 
leafwaterdata            0/32768           0/393216   ( 0.0%) 
waterstrips              0/131072          0/1310720  ( 0.0%) 
waterverts               0/131072          0/1572864  ( 0.0%) 
waterindices             0/131072          0/262144   ( 0.0%) 
cubemapsamples           0/1024            0/16384    ( 0.0%) 
overlays                 0/1024            0/360448   ( 0.0%) 
LDR lightdata         [variable]           0/0        ( 0.0%) 
HDR lightdata         [variable]        2304/0        ( 0.0%) 
visdata               [variable]          44/16777216 ( 0.0%) 
entdata               [variable]         582/393216   ( 0.1%) 
LDR ambient table       29/65536         116/262144   ( 0.0%) 
HDR ambient table       29/65536         116/262144   ( 0.0%) 
LDR leaf ambient        29/65536         812/1835008  ( 0.0%) 
HDR leaf ambient         4/65536         112/1835008  ( 0.0%) 
occluders                0/0               0/0        ( 0.0%) 
occluder polygons        0/0               0/0        ( 0.0%) 
occluder vert ind        0/0               0/0        ( 0.0%) 
detail props          [variable]           1/12       ( 8.3%) 
static props          [variable]           1/12       ( 8.3%) 
pakfile               [variable]       86790/0        ( 0.0%) 
physics               [variable]        2218/4194304  ( 0.1%) 
physics terrain       [variable]           2/1048576  ( 0.0%) 

Level flags = 2

Total triangle count: 32
Writing c:\program files (x86)\steam\steamcmd\steamapps\common\garrysmodds\garrysmod\addons\gm_start_map_forward\maps\gm_start_map_forward.bsp
0 seconds elapsed



materialPath: C:\Program Files (x86)\Steam\steamapps\common\Source SDK Base 2013 Multiplayer\hl2\materials
Loading C:\Program Files (x86)\Steam\steamcmd\steamapps\common\GarrysModDS\garrysmod\addons\gm_start_map_forward\maps\gm_start_map_forward.vmf
Map revision 7
KeyValues Error: RecursiveLoadFromBuffer:  got } in key in file c:\program files (x86)\steam\steamapps\common\source sdk base 2013 multiplayer\hl2\gameinfo.txt
GameInfo, FileSystem, SearchPaths, 
Could not locate 'GameData' key in c:\program files (x86)\steam\steamapps\common\source sdk base 2013 multiplayer\hl2\gameinfo.txt
fixing up env_cubemap materials on brush sides...
0...1...2...3...4...5...6...7...8...9...100...1...2...3...4...5...6...7...8...9...10Processing areas...done (0)
Building Faces...done (0)
FixTjuncs...
PruneNodes...
WriteBSP...
done (0)
writing C:\Program Files (x86)\Steam\steamcmd\steamapps\common\GarrysModDS\garrysmod\addons\gm_start_map_forward\maps\gm_start_map_forward.prt...Building visibility clusters...
done (0)
Finding displacement neighbors...
Finding lightmap sample positions...
Displacement Alpha : 0...1...2...3...4...5...6...7...8...9...10
Building Physics collision data...
done (0) (2218 bytes)
Placing detail props : 0...1...2...3...4...5...6...7...8...9...10
Compacting texture/material tables...
Reduced 6 texinfos to 4
Reduced 2 texdatas to 2 (51 bytes to 51)
Writing C:\Program Files (x86)\Steam\steamcmd\steamapps\common\GarrysModDS\garrysmod\addons\gm_start_map_forward\maps\gm_start_map_forward.bsp
MSG_FILEWRITE - Filesystem was asked to write to 'C:\Program Files (x86)\Steam\steamcmd\steamapps\common\GarrysModDS\garrysmod\addons\gm_start_map_forward\maps\gm_start_map_forward.bsp', but we don't own that location. Allowing.
Wrote ZIP buffer, estimated size 87004, actual size 86790
0 seconds elapsed



materialPath: C:\Program Files (x86)\Steam\steamapps\common\Source SDK Base 2013 Multiplayer\hl2\materials
Loading C:\Program Files (x86)\Steam\steamcmd\steamapps\common\GarrysModDS\garrysmod\addons\gm_start_map_forward\maps\gm_start_map_forward.vmf
Map revision 8
KeyValues Error: RecursiveLoadFromBuffer:  got } in key in file c:\program files (x86)\steam\steamapps\common\source sdk base 2013 multiplayer\hl2\gameinfo.txt
GameInfo, FileSystem, SearchPaths, 
Could not locate 'GameData' key in c:\program files (x86)\steam\steamapps\common\source sdk base 2013 multiplayer\hl2\gameinfo.txt
fixing up env_cubemap materials on brush sides...
0...1...2...3...4...5...6...7...8...9...100...1...2...3...4...5...6...7...8...9...10Processing areas...done (0)
Building Faces...done (0)
FixTjuncs...
PruneNodes...
WriteBSP...
done (0)
writing C:\Program Files (x86)\Steam\steamcmd\steamapps\common\GarrysModDS\garrysmod\addons\gm_start_map_forward\maps\gm_start_map_forward.prt...Building visibility clusters...
done (0)
Finding displacement neighbors...
Finding lightmap sample positions...
Displacement Alpha : 0...1...2...3...4...5...6...7...8...9...10
Building Physics collision data...
done (0) (2232 bytes)
Placing detail props : 0...1...2...3...4...5...6...7...8...9...10
Compacting texture/material tables...
Reduced 8 texinfos to 4
Reduced 3 texdatas to 3 (69 bytes to 69)
Writing C:\Program Files (x86)\Steam\steamcmd\steamapps\common\GarrysModDS\garrysmod\addons\gm_start_map_forward\maps\gm_start_map_forward.bsp
MSG_FILEWRITE - Filesystem was asked to write to 'C:\Program Files (x86)\Steam\steamcmd\steamapps\common\GarrysModDS\garrysmod\addons\gm_start_map_forward\maps\gm_start_map_forward.bsp', but we don't own that location. Allowing.
Wrote ZIP buffer, estimated size 87004, actual size 86790
0 seconds elapsed



materialPath: C:\Program Files (x86)\Steam\steamapps\common\Source SDK Base 2013 Multiplayer\hl2\materials
Loading C:\Program Files (x86)\Steam\steamcmd\steamapps\common\GarrysModDS\garrysmod\addons\gm_start_map_forward\maps\gm_start_map_forward.vmf
Map revision 9
KeyValues Error: RecursiveLoadFromBuffer:  got } in key in file c:\program files (x86)\steam\steamapps\common\source sdk base 2013 multiplayer\hl2\gameinfo.txt
GameInfo, FileSystem, SearchPaths, 
Could not locate 'GameData' key in c:\program files (x86)\steam\steamapps\common\source sdk base 2013 multiplayer\hl2\gameinfo.txt
fixing up env_cubemap materials on brush sides...
0...1...2...3...4...5...6...7...8...9...100...1...2...3...4...5...6...7...8...9...10Processing areas...done (0)
Building Faces...done (0)
FixTjuncs...
PruneNodes...
WriteBSP...
done (0)
writing C:\Program Files (x86)\Steam\steamcmd\steamapps\common\GarrysModDS\garrysmod\addons\gm_start_map_forward\maps\gm_start_map_forward.prt...Building visibility clusters...
done (0)
Finding displacement neighbors...
Finding lightmap sample positions...
Displacement Alpha : 0...1...2...3...4...5...6...7...8...9...10
Building Physics collision data...
done (0) (2232 bytes)
Placing detail props : 0...1...2...3...4...5...6...7...8...9...10
Compacting texture/material tables...
Reduced 8 texinfos to 4
Reduced 3 texdatas to 3 (69 bytes to 69)
Writing C:\Program Files (x86)\Steam\steamcmd\steamapps\common\GarrysModDS\garrysmod\addons\gm_start_map_forward\maps\gm_start_map_forward.bsp
MSG_FILEWRITE - Filesystem was asked to write to 'C:\Program Files (x86)\Steam\steamcmd\steamapps\common\GarrysModDS\garrysmod\addons\gm_start_map_forward\maps\gm_start_map_forward.bsp', but we don't own that location. Allowing.
Wrote ZIP buffer, estimated size 87004, actual size 86790
0 seconds elapsed



materialPath: C:\Program Files (x86)\Steam\steamapps\common\Source SDK Base 2013 Multiplayer\hl2\materials
Loading C:\Program Files (x86)\Steam\steamcmd\steamapps\common\GarrysModDS\garrysmod\addons\gm_start_map_forward\maps\gm_start_map_forward.vmf
Map revision 9
KeyValues Error: RecursiveLoadFromBuffer:  got } in key in file c:\program files (x86)\steam\steamapps\common\source sdk base 2013 multiplayer\hl2\gameinfo.txt
GameInfo, FileSystem, SearchPaths, 
Could not locate 'GameData' key in c:\program files (x86)\steam\steamapps\common\source sdk base 2013 multiplayer\hl2\gameinfo.txt
fixing up env_cubemap materials on brush sides...
0...1...2...3...4...5...6...7...8...9...100...1...2...3...4...5...6...7...8...9...10Processing areas...done (0)
Building Faces...done (0)
FixTjuncs...
PruneNodes...
WriteBSP...
done (0)
writing C:\Program Files (x86)\Steam\steamcmd\steamapps\common\GarrysModDS\garrysmod\addons\gm_start_map_forward\maps\gm_start_map_forward.prt...Building visibility clusters...
done (0)
Finding displacement neighbors...
Finding lightmap sample positions...
Displacement Alpha : 0...1...2...3...4...5...6...7...8...9...10
Building Physics collision data...
done (0) (2232 bytes)
Placing detail props : 0...1...2...3...4...5...6...7...8...9...10
Compacting texture/material tables...
Reduced 8 texinfos to 4
Reduced 3 texdatas to 3 (69 bytes to 69)
Writing C:\Program Files (x86)\Steam\steamcmd\steamapps\common\GarrysModDS\garrysmod\addons\gm_start_map_forward\maps\gm_start_map_forward.bsp
MSG_FILEWRITE - Filesystem was asked to write to 'C:\Program Files (x86)\Steam\steamcmd\steamapps\common\GarrysModDS\garrysmod\addons\gm_start_map_forward\maps\gm_start_map_forward.bsp', but we don't own that location. Allowing.
Wrote ZIP buffer, estimated size 87004, actual size 86790
0 seconds elapsed



materialPath: C:\Program Files (x86)\Steam\steamapps\common\Source SDK Base 2013 Multiplayer\hl2\materials
Loading C:\Program Files (x86)\Steam\steamcmd\steamapps\common\GarrysModDS\garrysmod\addons\gm_start_map_forward\maps\gm_start_map_forward.vmf
Map revision 9
KeyValues Error: RecursiveLoadFromBuffer:  got } in key in file c:\program files (x86)\steam\steamapps\common\source sdk base 2013 multiplayer\hl2\gameinfo.txt
GameInfo, FileSystem, SearchPaths, 
Could not locate 'GameData' key in c:\program files (x86)\steam\steamapps\common\source sdk base 2013 multiplayer\hl2\gameinfo.txt
fixing up env_cubemap materials on brush sides...
0...1...2...3...4...5...6...7...8...9...100...1...2...3...4...5...6...7...8...9...10Processing areas...done (0)
Building Faces...done (0)
FixTjuncs...
PruneNodes...
WriteBSP...
done (0)
writing C:\Program Files (x86)\Steam\steamcmd\steamapps\common\GarrysModDS\garrysmod\addons\gm_start_map_forward\maps\gm_start_map_forward.prt...Building visibility clusters...
done (0)
Finding displacement neighbors...
Finding lightmap sample positions...
Displacement Alpha : 0...1...2...3...4...5...6...7...8...9...10
Building Physics collision data...
done (0) (2232 bytes)
Placing detail props : 0...1...2...3...4...5...6...7...8...9...10
Compacting texture/material tables...
Reduced 8 texinfos to 4
Reduced 3 texdatas to 3 (69 bytes to 69)
Writing C:\Program Files (x86)\Steam\steamcmd\steamapps\common\GarrysModDS\garrysmod\addons\gm_start_map_forward\maps\gm_start_map_forward.bsp
MSG_FILEWRITE - Filesystem was asked to write to 'C:\Program Files (x86)\Steam\steamcmd\steamapps\common\GarrysModDS\garrysmod\addons\gm_start_map_forward\maps\gm_start_map_forward.bsp', but we don't own that location. Allowing.
Wrote ZIP buffer, estimated size 87004, actual size 86790
0 seconds elapsed



materialPath: C:\Program Files (x86)\Steam\steamapps\common\Source SDK Base 2013 Multiplayer\hl2\materials
Loading C:\Program Files (x86)\Steam\steamcmd\steamapps\common\GarrysModDS\garrysmod\addons\gm_start_map_forward\maps\gm_start_map_forward.vmf
Map revision 9
Could not locate 'GameData' key in c:\program files (x86)\steam\steamapps\common\source sdk base 2013 multiplayer\hl2\gameinfo.txt
fixing up env_cubemap materials on brush sides...
0...1...2...3...4...5...6...7...8...9...100...1...2...3...4...5...6...7...8...9...10Processing areas...done (0)
Building Faces...done (0)
FixTjuncs...
PruneNodes...
WriteBSP...
done (0)
writing C:\Program Files (x86)\Steam\steamcmd\steamapps\common\GarrysModDS\garrysmod\addons\gm_start_map_forward\maps\gm_start_map_forward.prt...Building visibility clusters...
done (0)
Finding displacement neighbors...
Finding lightmap sample positions...
Displacement Alpha : 0...1...2...3...4...5...6...7...8...9...10
Building Physics collision data...
done (0) (2232 bytes)
Placing detail props : 0...1...2...3...4...5...6...7...8...9...10
Compacting texture/material tables...
Reduced 8 texinfos to 4
Reduced 3 texdatas to 3 (69 bytes to 69)
Writing C:\Program Files (x86)\Steam\steamcmd\steamapps\common\GarrysModDS\garrysmod\addons\gm_start_map_forward\maps\gm_start_map_forward.bsp
MSG_FILEWRITE - Filesystem was asked to write to 'C:\Program Files (x86)\Steam\steamcmd\steamapps\common\GarrysModDS\garrysmod\addons\gm_start_map_forward\maps\gm_start_map_forward.bsp', but we don't own that location. Allowing.
Wrote ZIP buffer, estimated size 87004, actual size 86790
0 seconds elapsed



materialPath: C:\Program Files (x86)\Steam\steamapps\common\Source SDK Base 2013 Multiplayer\hl2\materials
Loading C:\Program Files (x86)\Steam\steamcmd\steamapps\common\GarrysModDS\garrysmod\addons\gm_start_map_forward\maps\gm_start_map_forward.vmf
Map revision 10
fixing up env_cubemap materials on brush sides...
0...1...2...3...4...5...6...7...8...9...100...1...2...3...4...5...6...7...8...9...10Processing areas...done (0)
Building Faces...done (0)
FixTjuncs...
PruneNodes...
WriteBSP...
done (0)
writing C:\Program Files (x86)\Steam\steamcmd\steamapps\common\GarrysModDS\garrysmod\addons\gm_start_map_forward\maps\gm_start_map_forward.prt...Building visibility clusters...
done (0)
Finding displacement neighbors...
Finding lightmap sample positions...
Displacement Alpha : 0...1...2...3...4...5...6...7...8...9...10
Building Physics collision data...
done (0) (2232 bytes)
Placing detail props : 0...1...2...3...4...5...6...7...8...9...10
Compacting texture/material tables...
Reduced 8 texinfos to 4
Reduced 3 texdatas to 3 (69 bytes to 69)
Writing C:\Program Files (x86)\Steam\steamcmd\steamapps\common\GarrysModDS\garrysmod\addons\gm_start_map_forward\maps\gm_start_map_forward.bsp
MSG_FILEWRITE - Filesystem was asked to write to 'C:\Program Files (x86)\Steam\steamcmd\steamapps\common\GarrysModDS\garrysmod\addons\gm_start_map_forward\maps\gm_start_map_forward.bsp', but we don't own that location. Allowing.
Wrote ZIP buffer, estimated size 87004, actual size 86790
0 seconds elapsed



materialPath: C:\Program Files (x86)\Steam\steamapps\common\Source SDK Base 2013 Multiplayer\hl2\materials
Loading C:\Program Files (x86)\Steam\steamcmd\steamapps\common\GarrysModDS\garrysmod\addons\gm_start_map_forward\maps\gm_start_map_forward.vmf
Map revision 11
fixing up env_cubemap materials on brush sides...
0...1...2...3...4...5...6...7...8...9...100...1...2...3...4...5...6...7...8...9...10Processing areas...done (0)
Building Faces...done (0)
FixTjuncs...
PruneNodes...
WriteBSP...
done (0)
writing C:\Program Files (x86)\Steam\steamcmd\steamapps\common\GarrysModDS\garrysmod\addons\gm_start_map_forward\maps\gm_start_map_forward.prt...Building visibility clusters...
done (0)
Finding displacement neighbors...
Finding lightmap sample positions...
Displacement Alpha : 0...1...2...3...4...5...6...7...8...9...10
Building Physics collision data...
done (0) (2072 bytes)
Placing detail props : 0...1...2...3...4...5...6...7...8...9...10
Compacting texture/material tables...
Reduced 8 texinfos to 4
Reduced 3 texdatas to 3 (69 bytes to 69)
Writing C:\Program Files (x86)\Steam\steamcmd\steamapps\common\GarrysModDS\garrysmod\addons\gm_start_map_forward\maps\gm_start_map_forward.bsp
MSG_FILEWRITE - Filesystem was asked to write to 'C:\Program Files (x86)\Steam\steamcmd\steamapps\common\GarrysModDS\garrysmod\addons\gm_start_map_forward\maps\gm_start_map_forward.bsp', but we don't own that location. Allowing.
Wrote ZIP buffer, estimated size 87004, actual size 86790
0 seconds elapsed



materialPath: C:\Program Files (x86)\Steam\steamapps\common\Source SDK Base 2013 Multiplayer\hl2\materials
Loading C:\Program Files (x86)\Steam\steamcmd\steamapps\common\GarrysModDS\garrysmod\addons\gm_start_map_forward\maps\gm_start_map_forward.vmf
Map revision 12
fixing up env_cubemap materials on brush sides...
0...1...2...3...4...5...6...7...8...9...100...1...2...3...4...5...6...7...8...9...10Processing areas...done (0)
Building Faces...done (0)
FixTjuncs...
PruneNodes...
WriteBSP...
done (0)
writing C:\Program Files (x86)\Steam\steamcmd\steamapps\common\GarrysModDS\garrysmod\addons\gm_start_map_forward\maps\gm_start_map_forward.prt...Building visibility clusters...
done (0)
Finding displacement neighbors...
Finding lightmap sample positions...
Displacement Alpha : 0...1...2...3...4...5...6...7...8...9...10
Building Physics collision data...
done (0) (2288 bytes)
Placing detail props : 0...1...2...3...4...5...6...7...8...9...10
Compacting texture/material tables...
Reduced 3 texinfos to 1
Reduced 1 texdatas to 1 (18 bytes to 18)
Writing C:\Program Files (x86)\Steam\steamcmd\steamapps\common\GarrysModDS\garrysmod\addons\gm_start_map_forward\maps\gm_start_map_forward.bsp
MSG_FILEWRITE - Filesystem was asked to write to 'C:\Program Files (x86)\Steam\steamcmd\steamapps\common\GarrysModDS\garrysmod\addons\gm_start_map_forward\maps\gm_start_map_forward.bsp', but we don't own that location. Allowing.
Wrote ZIP buffer, estimated size 87004, actual size 86790
0 seconds elapsed



materialPath: C:\Program Files (x86)\Steam\steamapps\common\Source SDK Base 2013 Multiplayer\hl2\materials
Loading C:\Program Files (x86)\Steam\steamcmd\steamapps\common\GarrysModDS\garrysmod\addons\gm_start_map_forward\maps\gm_start_map_forward.vmf
Map revision 13
fixing up env_cubemap materials on brush sides...
0...1...2...3...4...5...6...7...8...9...100...1...2...3...4...5...6...7...8...9...10Processing areas...done (0)
Building Faces...done (0)
FixTjuncs...
PruneNodes...
WriteBSP...
done (0)
writing C:\Program Files (x86)\Steam\steamcmd\steamapps\common\GarrysModDS\garrysmod\addons\gm_start_map_forward\maps\gm_start_map_forward.prt...Building visibility clusters...
done (0)
Finding displacement neighbors...
Finding lightmap sample positions...
Displacement Alpha : 0...1...2...3...4...5...6...7...8...9...10
Building Physics collision data...
done (0) (2288 bytes)
Placing detail props : 0...1...2...3...4...5...6...7...8...9...10
Compacting texture/material tables...
Reduced 3 texinfos to 1
Reduced 1 texdatas to 1 (18 bytes to 18)
Writing C:\Program Files (x86)\Steam\steamcmd\steamapps\common\GarrysModDS\garrysmod\addons\gm_start_map_forward\maps\gm_start_map_forward.bsp
MSG_FILEWRITE - Filesystem was asked to write to 'C:\Program Files (x86)\Steam\steamcmd\steamapps\common\GarrysModDS\garrysmod\addons\gm_start_map_forward\maps\gm_start_map_forward.bsp', but we don't own that location. Allowing.
Wrote ZIP buffer, estimated size 87004, actual size 86790
0 seconds elapsed



materialPath: C:\Program Files (x86)\Steam\steamapps\common\Source SDK Base 2013 Multiplayer\hl2\materials
Loading C:\Program Files (x86)\Steam\steamcmd\steamapps\common\GarrysModDS\garrysmod\addons\gm_start_map_forward\maps\gm_start_map_forward.vmf
Map revision 14
fixing up env_cubemap materials on brush sides...
0...1...2...3...4...5...6...7...8...9...100...1...2...3...4...5...6...7...8...9...10Processing areas...done (0)
Building Faces...done (0)
FixTjuncs...
PruneNodes...
WriteBSP...
done (0)
writing C:\Program Files (x86)\Steam\steamcmd\steamapps\common\GarrysModDS\garrysmod\addons\gm_start_map_forward\maps\gm_start_map_forward.prt...Building visibility clusters...
done (0)
Finding displacement neighbors...
Finding lightmap sample positions...
Displacement Alpha : 0...1...2...3...4...5...6...7...8...9...10
Building Physics collision data...
done (0) (2288 bytes)
Placing detail props : 0...1...2...3...4...5...6...7...8...9...10
Compacting texture/material tables...
Reduced 3 texinfos to 1
Reduced 1 texdatas to 1 (18 bytes to 18)
Writing C:\Program Files (x86)\Steam\steamcmd\steamapps\common\GarrysModDS\garrysmod\addons\gm_start_map_forward\maps\gm_start_map_forward.bsp
MSG_FILEWRITE - Filesystem was asked to write to 'C:\Program Files (x86)\Steam\steamcmd\steamapps\common\GarrysModDS\garrysmod\addons\gm_start_map_forward\maps\gm_start_map_forward.bsp', but we don't own that location. Allowing.
Wrote ZIP buffer, estimated size 87004, actual size 86790
0 seconds elapsed



materialPath: C:\Program Files (x86)\Steam\steamapps\common\Source SDK Base 2013 Multiplayer\hl2\materials
Loading C:\Program Files (x86)\Steam\steamcmd\steamapps\common\GarrysModDS\garrysmod\addons\gm_start_map_forward\gamemodes\start_map_forward\content\maps\gm_start_map_forward.vmf
Map revision 15
fixing up env_cubemap materials on brush sides...
0...1...2...3...4...5...6...7...8...9...100...1...2...3...4...5...6...7...8...9...10Processing areas...done (0)
Building Faces...done (0)
FixTjuncs...
PruneNodes...
WriteBSP...
done (0)
writing C:\Program Files (x86)\Steam\steamcmd\steamapps\common\GarrysModDS\garrysmod\addons\gm_start_map_forward\gamemodes\start_map_forward\content\maps\gm_start_map_forward.prt...Building visibility clusters...
done (0)
Finding displacement neighbors...
Finding lightmap sample positions...
Displacement Alpha : 0...1...2...3...4...5...6...7...8...9...10
Building Physics collision data...
done (0) (2288 bytes)
Placing detail props : 0...1...2...3...4...5...6...7...8...9...10
Compacting texture/material tables...
Reduced 3 texinfos to 1
Reduced 1 texdatas to 1 (18 bytes to 18)
Writing C:\Program Files (x86)\Steam\steamcmd\steamapps\common\GarrysModDS\garrysmod\addons\gm_start_map_forward\gamemodes\start_map_forward\content\maps\gm_start_map_forward.bsp
MSG_FILEWRITE - Filesystem was asked to write to 'C:\Program Files (x86)\Steam\steamcmd\steamapps\common\GarrysModDS\garrysmod\addons\gm_start_map_forward\gamemodes\start_map_forward\content\maps\gm_start_map_forward.bsp', but we don't own that location. Allowing.
Wrote ZIP buffer, estimated size 87004, actual size 86790
0 seconds elapsed



materialPath: C:\Program Files (x86)\Steam\steamapps\common\Source SDK Base 2013 Multiplayer\hl2\materials
Loading C:\Program Files (x86)\Steam\steamcmd\steamapps\common\GarrysModDS\garrysmod\addons\gm_start_map_forward\gamemodes\start_map_forward\content\maps\gm_start_map_forward.vmf
Map revision 16
fixing up env_cubemap materials on brush sides...
0...1...2...3...4...5...6...7...8...9...100...1...2...3...4...5...6...7...8...9...10Processing areas...done (0)
Building Faces...done (0)
FixTjuncs...
PruneNodes...
WriteBSP...
done (0)
writing C:\Program Files (x86)\Steam\steamcmd\steamapps\common\GarrysModDS\garrysmod\addons\gm_start_map_forward\gamemodes\start_map_forward\content\maps\gm_start_map_forward.prt...Building visibility clusters...
done (0)
Finding displacement neighbors...
Finding lightmap sample positions...
Displacement Alpha : 0...1...2...3...4...5...6...7...8...9...10
Building Physics collision data...
done (0) (2072 bytes)
Placing detail props : 0...1...2...3...4...5...6...7...8...9...10
Compacting texture/material tables...
Reduced 8 texinfos to 4
Reduced 3 texdatas to 3 (69 bytes to 69)
Writing C:\Program Files (x86)\Steam\steamcmd\steamapps\common\GarrysModDS\garrysmod\addons\gm_start_map_forward\gamemodes\start_map_forward\content\maps\gm_start_map_forward.bsp
MSG_FILEWRITE - Filesystem was asked to write to 'C:\Program Files (x86)\Steam\steamcmd\steamapps\common\GarrysModDS\garrysmod\addons\gm_start_map_forward\gamemodes\start_map_forward\content\maps\gm_start_map_forward.bsp', but we don't own that location. Allowing.
Wrote ZIP buffer, estimated size 87004, actual size 86790
0 seconds elapsed



16 threads
reading c:\program files (x86)\steam\steamcmd\steamapps\common\garrysmodds\garrysmod\addons\gm_start_map_forward\gamemodes\start_map_forward\content\maps\gm_start_map_forward.bsp
reading c:\program files (x86)\steam\steamcmd\steamapps\common\garrysmodds\garrysmod\addons\gm_start_map_forward\gamemodes\start_map_forward\content\maps\gm_start_map_forward.prt
   4 portalclusters
   4 numportals
0...1...2...3...4...5...6...7...8...9...100...1...2...3...4...5...6...7...8...9...10Optimized: 0 visible clusters (0.00%)
Total clusters visible: 16
Average clusters visible: 4
Building PAS...
Average clusters audible: 4
visdatasize:44  compressed from 64
writing c:\program files (x86)\steam\steamcmd\steamapps\common\garrysmodds\garrysmod\addons\gm_start_map_forward\gamemodes\start_map_forward\content\maps\gm_start_map_forward.bsp
MSG_FILEWRITE - Filesystem was asked to write to 'c:\program files (x86)\steam\steamcmd\steamapps\common\garrysmodds\garrysmod\addons\gm_start_map_forward\gamemodes\start_map_forward\content\maps\gm_start_map_forward.bsp', but we don't own that location. Allowing.
0 seconds elapsed



Could not find lights.rad in lights.rad.
Trying VRAD BIN directory instead...
Warning: Couldn't open texlight file C:\Program Files (x86)\Steam\steamapps\common\Source SDK Base 2013 Multiplayer\bin\lights.rad.
Loading c:\program files (x86)\steam\steamcmd\steamapps\common\garrysmodds\garrysmod\addons\gm_start_map_forward\gamemodes\start_map_forward\content\maps\gm_start_map_forward.bsp
16 faces
682 square feet [98304.00 square inches]
0 Displacements
0 Square Feet [0.00 Square Inches]
16 patches before subdivision
176 patches after subdivision
0 direct lights
0...1...2...3...4...5...6...7...8...9...100...1...2...3...4...5...6...7...8...9...10transfers 7680, max 80
transfer lists:   0.1 megs
0...1...2...3...4...5...6...7...8...9...10	Bounce #1 added RGB(0, 0, 0)
Build Patch/Sample Hash Table(s).....Done<0.0000 sec>
0...1...2...3...4...5...6...7...8...9...10FinalLightFace Done
0 of 0 (0% of) surface lights went in leaf ambient cubes.
0...1...2...3...4...5...6...7...8...9...10Writing leaf ambient...done
Ready to Finish

Object names       Objects/Maxobjs  Memory / Maxmem  Fullness 
------------       ---------------  ---------------  -------- 
models                   1/4096           48/196608   ( 0.0%) 
brushes                  6/32768          72/393216   ( 0.0%) 
brushsides              62/327680        496/2621440  ( 0.0%) 
planes                  56/65536        1120/1310720  ( 0.1%) 
vertexes                19/65536         228/786432   ( 0.0%) 
nodes                   27/65536         864/2097152  ( 0.0%) 
texinfos                 4/12288         288/884736   ( 0.0%) 
texdata                  3/2048           96/65536    ( 0.1%) 
dispinfos                0/0               0/0        ( 0.0%) 
disp_verts               0/0               0/0        ( 0.0%) 
disp_tris                0/0               0/0        ( 0.0%) 
disp_lmsamples           0/0               0/0        ( 0.0%) 
faces                   16/65536         896/3670016  ( 0.0%) 
hdr faces               16/65536         896/3670016  ( 0.0%) 
origfaces                6/65536         336/3670016  ( 0.0%) 
leaves                  29/65536         928/2097152  ( 0.0%) 
leaffaces               16/65536          32/131072   ( 0.0%) 
leafbrushes             36/65536          72/131072   ( 0.1%) 
areas                    2/1024           16/8192     ( 0.2%) 
surfedges               88/512000        352/2048000  ( 0.0%) 
edges                   45/256000        180/1024000  ( 0.0%) 
LDR worldlights          0/16384           0/1441792  ( 0.0%) 
HDR worldlights          0/16384           0/1441792  ( 0.0%) 
leafwaterdata            0/32768           0/393216   ( 0.0%) 
waterstrips              0/131072          0/1310720  ( 0.0%) 
waterverts               0/131072          0/1572864  ( 0.0%) 
waterindices             0/131072          0/262144   ( 0.0%) 
cubemapsamples           0/1024            0/16384    ( 0.0%) 
overlays                 0/1024            0/360448   ( 0.0%) 
LDR lightdata         [variable]           0/0        ( 0.0%) 
HDR lightdata         [variable]        2304/0        ( 0.0%) 
visdata               [variable]          44/16777216 ( 0.0%) 
entdata               [variable]         604/393216   ( 0.2%) 
LDR ambient table       29/65536         116/262144   ( 0.0%) 
HDR ambient table       29/65536         116/262144   ( 0.0%) 
LDR leaf ambient        29/65536         812/1835008  ( 0.0%) 
HDR leaf ambient         4/65536         112/1835008  ( 0.0%) 
occluders                0/0               0/0        ( 0.0%) 
occluder polygons        0/0               0/0        ( 0.0%) 
occluder vert ind        0/0               0/0        ( 0.0%) 
detail props          [variable]           1/12       ( 8.3%) 
static props          [variable]           1/12       ( 8.3%) 
pakfile               [variable]       86790/0        ( 0.0%) 
physics               [variable]        2072/4194304  ( 0.0%) 
physics terrain       [variable]           2/1048576  ( 0.0%) 

Level flags = 2

Total triangle count: 32
Writing c:\program files (x86)\steam\steamcmd\steamapps\common\garrysmodds\garrysmod\addons\gm_start_map_forward\gamemodes\start_map_forward\content\maps\gm_start_map_forward.bsp
0 seconds elapsed
